<?xml version="1.0" encoding="UTF-8"?>
<!-- Generated by org.testng.reporters.JUnitReportReporter -->
<testsuite hostname="DESKTOP-MDNVJIO" failures="0" tests="2" name="TESTCASE.Creatingstockcase" time="55.651" errors="0" timestamp="2021-10-30T15:46:10 IST" skipped="0">
  <testcase classname="TESTCASE.Creatingstockcase" name="loginpage" time="25.030"/>
  <system-out/>
  <testcase classname="TESTCASE.Creatingstockcase" name="stockpage" time="30.621"/>
  <system-out/>
</testsuite> <!-- TESTCASE.Creatingstockcase -->
