<?xml version="1.0" encoding="UTF-8"?>
<!-- Generated by org.testng.reporters.JUnitReportReporter -->
<testsuite hostname="DESKTOP-MDNVJIO" failures="0" tests="2" name="Casespage.Stockcreationcase" time="57.103" errors="0" timestamp="2021-10-27T15:36:53 IST" skipped="0">
  <testcase classname="Casespage.Stockcreationcase" name="loginpage" time="23.215"/>
  <system-out/>
  <testcase classname="Casespage.Stockcreationcase" name="stockpage" time="33.888"/>
  <system-out/>
</testsuite> <!-- Casespage.Stockcreationcase -->
