<?xml version="1.0" encoding="UTF-8"?>
<!-- Generated by org.testng.reporters.JUnitReportReporter -->
<testsuite hostname="DESKTOP-MDNVJIO" failures="0" tests="1" name="practisemavenjenkin.Mavenjenkin" time="17.846" errors="0" timestamp="2021-10-29T11:35:14 IST" skipped="0">
  <testcase classname="practisemavenjenkin.Mavenjenkin" name="newmethod" time="17.846"/>
  <system-out/>
</testsuite> <!-- practisemavenjenkin.Mavenjenkin -->
